2022-11-14 18:47:44,733 [Worker-7: Loading available Gradle versions] INFO  o.e.b.c.i.u.g.PublishedGradleVersions - Gradle version information cache is up-to-date. Trying to read.
2022-11-14 18:47:58,430 [Worker-3: Repository registry initialization] WARN  o.e.m.c.internal.embedder.MavenImpl - Failed to decrypt password for server central: org.sonatype.plexus.components.sec.dispatcher.SecDispatcherException: java.io.FileNotFoundException: C:\Users\abhishek.mhamane\.m2\settings-security.xml (The system cannot find the file specified)
org.sonatype.plexus.components.sec.dispatcher.SecDispatcherException: org.sonatype.plexus.components.sec.dispatcher.SecDispatcherException: java.io.FileNotFoundException: C:\Users\abhishek.mhamane\.m2\settings-security.xml (The system cannot find the file specified)
	at org.sonatype.plexus.components.sec.dispatcher.DefaultSecDispatcher.decrypt(DefaultSecDispatcher.java:140)
	at org.apache.maven.settings.crypto.DefaultSettingsDecrypter.decrypt(DefaultSettingsDecrypter.java:114)
	at org.apache.maven.settings.crypto.DefaultSettingsDecrypter.decrypt(DefaultSettingsDecrypter.java:70)
	at org.eclipse.m2e.core.internal.embedder.MavenImpl.decryptPassword(MavenImpl.java:559)
	at org.eclipse.m2e.core.internal.repository.RepositoryRegistry.getAuthenticationInfo(RepositoryRegistry.java:217)
	at org.eclipse.m2e.core.internal.repository.RepositoryRegistry.updateRegistry(RepositoryRegistry.java:261)
	at org.eclipse.m2e.core.internal.repository.RepositoryRegistryUpdateJob.run(RepositoryRegistryUpdateJob.java:50)
	at org.eclipse.core.internal.jobs.Worker.run(Worker.java:63)
Caused by: org.sonatype.plexus.components.sec.dispatcher.SecDispatcherException: java.io.FileNotFoundException: C:\Users\abhishek.mhamane\.m2\settings-security.xml (The system cannot find the file specified)
	at org.sonatype.plexus.components.sec.dispatcher.SecUtil.read(SecUtil.java:66)
	at org.sonatype.plexus.components.sec.dispatcher.DefaultSecDispatcher.getSec(DefaultSecDispatcher.java:229)
	at org.sonatype.plexus.components.sec.dispatcher.DefaultSecDispatcher.decrypt(DefaultSecDispatcher.java:109)
	... 7 common frames omitted
Caused by: java.io.FileNotFoundException: C:\Users\abhishek.mhamane\.m2\settings-security.xml (The system cannot find the file specified)
	at java.base/java.io.FileInputStream.open0(Native Method)
	at java.base/java.io.FileInputStream.open(FileInputStream.java:216)
	at java.base/java.io.FileInputStream.<init>(FileInputStream.java:157)
	at java.base/java.io.FileInputStream.<init>(FileInputStream.java:111)
	at org.sonatype.plexus.components.sec.dispatcher.SecUtil.toStream(SecUtil.java:95)
	at org.sonatype.plexus.components.sec.dispatcher.SecUtil.read(SecUtil.java:53)
	... 9 common frames omitted
2022-11-14 18:47:58,436 [Worker-3: Repository registry initialization] WARN  o.e.m.c.internal.embedder.MavenImpl - Failed to decrypt password for server snapshots: org.sonatype.plexus.components.sec.dispatcher.SecDispatcherException: java.io.FileNotFoundException: C:\Users\abhishek.mhamane\.m2\settings-security.xml (The system cannot find the file specified)
org.sonatype.plexus.components.sec.dispatcher.SecDispatcherException: org.sonatype.plexus.components.sec.dispatcher.SecDispatcherException: java.io.FileNotFoundException: C:\Users\abhishek.mhamane\.m2\settings-security.xml (The system cannot find the file specified)
	at org.sonatype.plexus.components.sec.dispatcher.DefaultSecDispatcher.decrypt(DefaultSecDispatcher.java:140)
	at org.apache.maven.settings.crypto.DefaultSettingsDecrypter.decrypt(DefaultSettingsDecrypter.java:114)
	at org.apache.maven.settings.crypto.DefaultSettingsDecrypter.decrypt(DefaultSettingsDecrypter.java:70)
	at org.eclipse.m2e.core.internal.embedder.MavenImpl.decryptPassword(MavenImpl.java:559)
	at org.eclipse.m2e.core.internal.repository.RepositoryRegistry.getAuthenticationInfo(RepositoryRegistry.java:217)
	at org.eclipse.m2e.core.internal.repository.RepositoryRegistry.updateRegistry(RepositoryRegistry.java:261)
	at org.eclipse.m2e.core.internal.repository.RepositoryRegistryUpdateJob.run(RepositoryRegistryUpdateJob.java:50)
	at org.eclipse.core.internal.jobs.Worker.run(Worker.java:63)
Caused by: org.sonatype.plexus.components.sec.dispatcher.SecDispatcherException: java.io.FileNotFoundException: C:\Users\abhishek.mhamane\.m2\settings-security.xml (The system cannot find the file specified)
	at org.sonatype.plexus.components.sec.dispatcher.SecUtil.read(SecUtil.java:66)
	at org.sonatype.plexus.components.sec.dispatcher.DefaultSecDispatcher.getSec(DefaultSecDispatcher.java:229)
	at org.sonatype.plexus.components.sec.dispatcher.DefaultSecDispatcher.decrypt(DefaultSecDispatcher.java:109)
	... 7 common frames omitted
Caused by: java.io.FileNotFoundException: C:\Users\abhishek.mhamane\.m2\settings-security.xml (The system cannot find the file specified)
	at java.base/java.io.FileInputStream.open0(Native Method)
	at java.base/java.io.FileInputStream.open(FileInputStream.java:216)
	at java.base/java.io.FileInputStream.<init>(FileInputStream.java:157)
	at java.base/java.io.FileInputStream.<init>(FileInputStream.java:111)
	at org.sonatype.plexus.components.sec.dispatcher.SecUtil.toStream(SecUtil.java:95)
	at org.sonatype.plexus.components.sec.dispatcher.SecUtil.read(SecUtil.java:53)
	... 9 common frames omitted
2022-11-14 18:47:58,440 [Worker-3: Repository registry initialization] WARN  o.e.m.c.internal.embedder.MavenImpl - Failed to decrypt password for server central: org.sonatype.plexus.components.sec.dispatcher.SecDispatcherException: java.io.FileNotFoundException: C:\Users\abhishek.mhamane\.m2\settings-security.xml (The system cannot find the file specified)
org.sonatype.plexus.components.sec.dispatcher.SecDispatcherException: org.sonatype.plexus.components.sec.dispatcher.SecDispatcherException: java.io.FileNotFoundException: C:\Users\abhishek.mhamane\.m2\settings-security.xml (The system cannot find the file specified)
	at org.sonatype.plexus.components.sec.dispatcher.DefaultSecDispatcher.decrypt(DefaultSecDispatcher.java:140)
	at org.apache.maven.settings.crypto.DefaultSettingsDecrypter.decrypt(DefaultSettingsDecrypter.java:114)
	at org.apache.maven.settings.crypto.DefaultSettingsDecrypter.decrypt(DefaultSettingsDecrypter.java:70)
	at org.eclipse.m2e.core.internal.embedder.MavenImpl.decryptPassword(MavenImpl.java:559)
	at org.eclipse.m2e.core.internal.repository.RepositoryRegistry.getAuthenticationInfo(RepositoryRegistry.java:217)
	at org.eclipse.m2e.core.internal.repository.RepositoryRegistry.updateRegistry(RepositoryRegistry.java:261)
	at org.eclipse.m2e.core.internal.repository.RepositoryRegistryUpdateJob.run(RepositoryRegistryUpdateJob.java:50)
	at org.eclipse.core.internal.jobs.Worker.run(Worker.java:63)
Caused by: org.sonatype.plexus.components.sec.dispatcher.SecDispatcherException: java.io.FileNotFoundException: C:\Users\abhishek.mhamane\.m2\settings-security.xml (The system cannot find the file specified)
	at org.sonatype.plexus.components.sec.dispatcher.SecUtil.read(SecUtil.java:66)
	at org.sonatype.plexus.components.sec.dispatcher.DefaultSecDispatcher.getSec(DefaultSecDispatcher.java:229)
	at org.sonatype.plexus.components.sec.dispatcher.DefaultSecDispatcher.decrypt(DefaultSecDispatcher.java:109)
	... 7 common frames omitted
Caused by: java.io.FileNotFoundException: C:\Users\abhishek.mhamane\.m2\settings-security.xml (The system cannot find the file specified)
	at java.base/java.io.FileInputStream.open0(Native Method)
	at java.base/java.io.FileInputStream.open(FileInputStream.java:216)
	at java.base/java.io.FileInputStream.<init>(FileInputStream.java:157)
	at java.base/java.io.FileInputStream.<init>(FileInputStream.java:111)
	at org.sonatype.plexus.components.sec.dispatcher.SecUtil.toStream(SecUtil.java:95)
	at org.sonatype.plexus.components.sec.dispatcher.SecUtil.read(SecUtil.java:53)
	... 9 common frames omitted
2022-11-14 18:47:58,445 [Worker-3: Repository registry initialization] WARN  o.e.m.c.internal.embedder.MavenImpl - Failed to decrypt password for server snapshots: org.sonatype.plexus.components.sec.dispatcher.SecDispatcherException: java.io.FileNotFoundException: C:\Users\abhishek.mhamane\.m2\settings-security.xml (The system cannot find the file specified)
org.sonatype.plexus.components.sec.dispatcher.SecDispatcherException: org.sonatype.plexus.components.sec.dispatcher.SecDispatcherException: java.io.FileNotFoundException: C:\Users\abhishek.mhamane\.m2\settings-security.xml (The system cannot find the file specified)
	at org.sonatype.plexus.components.sec.dispatcher.DefaultSecDispatcher.decrypt(DefaultSecDispatcher.java:140)
	at org.apache.maven.settings.crypto.DefaultSettingsDecrypter.decrypt(DefaultSettingsDecrypter.java:114)
	at org.apache.maven.settings.crypto.DefaultSettingsDecrypter.decrypt(DefaultSettingsDecrypter.java:70)
	at org.eclipse.m2e.core.internal.embedder.MavenImpl.decryptPassword(MavenImpl.java:559)
	at org.eclipse.m2e.core.internal.repository.RepositoryRegistry.getAuthenticationInfo(RepositoryRegistry.java:217)
	at org.eclipse.m2e.core.internal.repository.RepositoryRegistry.updateRegistry(RepositoryRegistry.java:261)
	at org.eclipse.m2e.core.internal.repository.RepositoryRegistryUpdateJob.run(RepositoryRegistryUpdateJob.java:50)
	at org.eclipse.core.internal.jobs.Worker.run(Worker.java:63)
Caused by: org.sonatype.plexus.components.sec.dispatcher.SecDispatcherException: java.io.FileNotFoundException: C:\Users\abhishek.mhamane\.m2\settings-security.xml (The system cannot find the file specified)
	at org.sonatype.plexus.components.sec.dispatcher.SecUtil.read(SecUtil.java:66)
	at org.sonatype.plexus.components.sec.dispatcher.DefaultSecDispatcher.getSec(DefaultSecDispatcher.java:229)
	at org.sonatype.plexus.components.sec.dispatcher.DefaultSecDispatcher.decrypt(DefaultSecDispatcher.java:109)
	... 7 common frames omitted
Caused by: java.io.FileNotFoundException: C:\Users\abhishek.mhamane\.m2\settings-security.xml (The system cannot find the file specified)
	at java.base/java.io.FileInputStream.open0(Native Method)
	at java.base/java.io.FileInputStream.open(FileInputStream.java:216)
	at java.base/java.io.FileInputStream.<init>(FileInputStream.java:157)
	at java.base/java.io.FileInputStream.<init>(FileInputStream.java:111)
	at org.sonatype.plexus.components.sec.dispatcher.SecUtil.toStream(SecUtil.java:95)
	at org.sonatype.plexus.components.sec.dispatcher.SecUtil.read(SecUtil.java:53)
	... 9 common frames omitted
